[17:46:16] [Server thread/INFO]: Starting minecraft server version 1.11.2
[17:46:16] [Server thread/INFO]: Loading properties
[17:46:16] [Server thread/INFO]: Default game type: SURVIVAL
[17:46:16] [Server thread/INFO]: This server is running CraftBukkit version git-Spigot-7d78b81-a867313 (MC: 1.11.2) (Implementing API version 1.11.2-R0.1-SNAPSHOT)
[17:46:16] [Server thread/INFO]: Debug logging is disabled
[17:46:16] [Server thread/INFO]: Using 4 threads for Netty based IO
[17:46:16] [Server thread/INFO]: Server Ping Player Sample Count: 12
[17:46:16] [Server thread/INFO]: Generating keypair
[17:46:16] [Server thread/INFO]: Starting Minecraft server on *:25565
[17:46:16] [Server thread/INFO]: Using default channel type
[17:46:16] [Server thread/INFO]: Set PluginClassLoader as parallel capable
[17:46:17] [Server thread/WARN]: SLF4J: Failed to load class "org.slf4j.impl.StaticLoggerBinder".
[17:46:17] [Server thread/WARN]: SLF4J: Defaulting to no-operation (NOP) logger implementation
[17:46:17] [Server thread/WARN]: SLF4J: See http://www.slf4j.org/codes.html#StaticLoggerBinder for further details.
[17:46:17] [Server thread/INFO]: [WizartMC] Loading WizartMC v1.1
[17:46:17] [Server thread/WARN]: **** SERVER IS RUNNING IN OFFLINE/INSECURE MODE!
[17:46:17] [Server thread/WARN]: The server will make no attempt to authenticate usernames. Beware.
[17:46:17] [Server thread/WARN]: While this makes the game possible to play without internet access, it also opens up the ability for hackers to connect with any username they choose.
[17:46:17] [Server thread/WARN]: To change this, set "online-mode" to "true" in the server.properties file.
[17:46:17] [Server thread/INFO]: **** Beginning UUID conversion, this may take A LONG time ****
[17:46:17] [Server thread/INFO]: Preparing level "world"
[17:46:17] [Server thread/INFO]: Preparing start region for level 0 (Seed: -2780883585342380306)
[17:46:18] [Server thread/INFO]: Preparing start region for level 1 (Seed: -2428624485121517051)
[17:46:19] [Server thread/INFO]: Preparing start region for level 2 (Seed: -2428624485121517051)
[17:46:19] [Server thread/INFO]: [WizartMC] Enabling WizartMC v1.1
[17:46:19] [Server thread/INFO]: Server permissions file permissions.yml is empty, ignoring it
[17:46:19] [Server thread/INFO]: Done (2.085s)! For help, type "help" or "?"
[17:46:20] [User Authenticator #1/INFO]: UUID of player Exerosis is 3bb556e8-7630-38e1-95dc-e6409c8d6453
[17:46:20] [Server thread/INFO]: CraftPlayer{name=Exerosis} Team: Attackers
[17:46:20] [Server thread/INFO]: CraftPlayer{name=Exerosis} Team: Defenders
[17:46:20] [Server thread/INFO]: Exerosis[/127.0.0.1:50001] logged in with entity id 49 at ([world]-122.0, 4.0, -1121.0)
[17:46:29] [pool-6-thread-9/INFO]: Build
[17:46:31] [Server thread/INFO]: Exerosis lost connection: Disconnected
[17:46:31] [Server thread/INFO]: Exerosis left the game
[17:46:33] [User Authenticator #2/INFO]: UUID of player Exerosis is 3bb556e8-7630-38e1-95dc-e6409c8d6453
[17:46:33] [Server thread/INFO]: Exerosis[/127.0.0.1:50044] logged in with entity id 50 at ([world]-117.09581389590589, 14.0, -1110.6052878071819)
[17:46:39] [Server thread/INFO]: 0.15
[17:46:41] [Server thread/INFO]: 0.2
[17:46:41] [Server thread/INFO]: 0.25
[17:46:41] [Server thread/INFO]: 0.3
[17:46:42] [Server thread/INFO]: 0.35000002
[17:46:42] [Server thread/INFO]: 0.40000004
[17:46:43] [Server thread/INFO]: 0.45000005
[17:46:44] [Server thread/INFO]: 0.50000006
[17:46:45] [Server thread/INFO]: 0.5500001
[17:46:46] [Server thread/INFO]: 0.6000001
[17:46:46] [Server thread/INFO]: 0.6500001
[17:46:47] [Server thread/INFO]: 0.7000001
[17:46:47] [Server thread/INFO]: 0.7500001
[17:46:48] [Server thread/INFO]: 0.80000013
[17:46:48] [Server thread/INFO]: 0.85000014
[17:46:49] [Server thread/INFO]: 0.90000015
[17:46:49] [Server thread/INFO]: 0.95000017
[17:46:49] [Server thread/INFO]: 1.0000001
[17:46:50] [Server thread/INFO]: 1.05
[17:46:51] [Server thread/INFO]: 1.05
[17:46:51] [Server thread/INFO]: 1.05
[17:46:52] [Server thread/INFO]: 1.05
[17:46:52] [Server thread/INFO]: 1.05
[17:46:52] [Server thread/INFO]: 1.05
[17:46:53] [Server thread/INFO]: 1.05
[17:46:53] [Server thread/INFO]: 1.05
[17:46:53] [Server thread/INFO]: 1.05
[17:46:53] [Server thread/INFO]: 1.05
[17:46:54] [Server thread/INFO]: 1.05
[17:46:54] [Server thread/INFO]: 1.05
[17:46:54] [Server thread/INFO]: 1.05
[17:46:55] [Server thread/INFO]: 1.05
[17:46:55] [Server thread/INFO]: 1.05
[17:46:55] [Server thread/INFO]: 1.05
[17:46:56] [Server thread/INFO]: 1.05
[17:46:56] [Server thread/INFO]: 1.05
[17:46:56] [Server thread/INFO]: 1.05
[17:46:57] [Server thread/INFO]: 1.05
[17:46:57] [Server thread/INFO]: 1.05
[17:46:58] [Server thread/INFO]: 1.05
[17:46:58] [Server thread/INFO]: 1.05
[17:46:59] [Server thread/INFO]: 1.05
[17:47:00] [Server thread/INFO]: 1.05
[17:47:00] [Server thread/INFO]: 1.05
[17:47:00] [Server thread/INFO]: 1.05
[17:47:01] [Server thread/INFO]: 1.05
[17:47:01] [Server thread/INFO]: 0.95
[17:47:01] [Server thread/INFO]: 0.9
[17:47:01] [Server thread/INFO]: 0.84999996
[17:47:02] [Server thread/INFO]: 0.79999995
[17:47:02] [Server thread/INFO]: 0.74999994
[17:47:02] [Server thread/INFO]: 0.6999999
[17:47:03] [Server thread/INFO]: 0.6499999
[17:47:03] [Server thread/INFO]: 0.5999999
[17:47:03] [Server thread/INFO]: 0.5499999
[17:47:03] [Server thread/INFO]: 0.49999988
[17:47:04] [Server thread/INFO]: 0.44999987
[17:47:04] [Server thread/INFO]: 0.39999986
[17:47:04] [Server thread/INFO]: 0.34999985
[17:47:04] [Server thread/INFO]: 0.29999983
[17:47:05] [Server thread/INFO]: 0.24999984
[17:47:05] [Server thread/INFO]: 0.19999984
[17:47:05] [Server thread/INFO]: 0.14999984
[17:47:05] [Server thread/INFO]: 0.099999845
[17:47:06] [Server thread/INFO]: 0.05
[17:47:06] [Server thread/INFO]: 0.05
[17:47:06] [Server thread/INFO]: 0.05
[17:47:07] [Server thread/INFO]: 0.05
[17:47:07] [Server thread/INFO]: 0.05
[17:47:07] [Server thread/INFO]: 0.05
[17:47:07] [Server thread/INFO]: 0.05
[17:47:08] [Server thread/INFO]: 0.05
[17:47:08] [Server thread/INFO]: 0.05
[17:47:08] [Server thread/INFO]: 0.05
[17:47:08] [Server thread/INFO]: 0.05
[17:47:09] [Server thread/INFO]: 0.05
[17:47:09] [Server thread/INFO]: 0.05
[17:47:09] [Server thread/INFO]: 0.05
[17:47:09] [Server thread/INFO]: 0.05
[17:47:10] [Server thread/INFO]: 0.05
[17:47:10] [Server thread/INFO]: 0.05
[17:47:10] [Server thread/INFO]: 0.05
[17:47:11] [Server thread/INFO]: 0.05
[17:47:11] [Server thread/INFO]: 0.05
[17:47:11] [Server thread/INFO]: 0.05
[17:47:11] [Server thread/INFO]: 0.05
[17:47:11] [Server thread/INFO]: 0.05
[17:47:12] [Server thread/INFO]: 0.05
[17:47:12] [Server thread/INFO]: 0.05
[17:47:12] [Server thread/INFO]: 0.05
[17:47:13] [Server thread/INFO]: 0.05
[17:47:13] [Server thread/INFO]: 0.05
[17:47:13] [Server thread/INFO]: 0.05
[17:47:14] [Server thread/INFO]: Exerosis lost connection: Disconnected
[17:47:14] [Server thread/INFO]: Exerosis left the game
[17:47:31] [Server thread/INFO]: Starting minecraft server version 1.11.2
[17:47:31] [Server thread/INFO]: Loading properties
[17:47:31] [Server thread/INFO]: Default game type: SURVIVAL
[17:47:31] [Server thread/INFO]: This server is running CraftBukkit version git-Spigot-7d78b81-a867313 (MC: 1.11.2) (Implementing API version 1.11.2-R0.1-SNAPSHOT)
