[19:58:58] [Server thread/INFO]: Starting minecraft server version 1.12.2
[19:58:58] [Server thread/INFO]: Loading properties
[19:58:58] [Server thread/INFO]: Default game type: SURVIVAL
[19:58:58] [Server thread/INFO]: This server is running CraftBukkit version git-Spigot-5695bca-53fccdf (MC: 1.12.2) (Implementing API version 1.12.2-R0.1-SNAPSHOT)
[19:58:58] [Server thread/INFO]: Debug logging is disabled
[19:58:58] [Server thread/INFO]: Using 4 threads for Netty based IO
[19:58:58] [Server thread/INFO]: Server Ping Player Sample Count: 12
[19:58:58] [Server thread/INFO]: Generating keypair
[19:58:58] [Server thread/INFO]: Starting Minecraft server on *:25565
[19:58:58] [Server thread/INFO]: Using default channel type
[19:58:58] [Server thread/INFO]: Set PluginClassLoader as parallel capable
[19:58:58] [Server thread/ERROR]: Could not load 'plugins\Argus.jar' in folder 'plugins'
org.bukkit.plugin.InvalidPluginException: java.lang.NoClassDefFoundError: org/redisson/Redisson
	at org.bukkit.plugin.java.JavaPluginLoader.loadPlugin(JavaPluginLoader.java:133) ~[Spigot.jar:git-Spigot-5695bca-53fccdf]
	at org.bukkit.plugin.SimplePluginManager.loadPlugin(SimplePluginManager.java:326) ~[Spigot.jar:git-Spigot-5695bca-53fccdf]
	at org.bukkit.plugin.SimplePluginManager.loadPlugins(SimplePluginManager.java:248) [Spigot.jar:git-Spigot-5695bca-53fccdf]
	at org.bukkit.craftbukkit.v1_12_R1.CraftServer.loadPlugins(CraftServer.java:308) [Spigot.jar:git-Spigot-5695bca-53fccdf]
	at net.minecraft.server.v1_12_R1.DedicatedServer.init(DedicatedServer.java:205) [Spigot.jar:git-Spigot-5695bca-53fccdf]
	at net.minecraft.server.v1_12_R1.MinecraftServer.run(MinecraftServer.java:545) [Spigot.jar:git-Spigot-5695bca-53fccdf]
	at java.lang.Thread.run(Thread.java:748) [?:1.8.0_144]
Caused by: java.lang.NoClassDefFoundError: org/redisson/Redisson
	at net.argus.games.Main.<init>(Main.java:14) ~[?:?]
	at sun.reflect.NativeConstructorAccessorImpl.newInstance0(Native Method) ~[?:1.8.0_144]
	at sun.reflect.NativeConstructorAccessorImpl.newInstance(NativeConstructorAccessorImpl.java:62) ~[?:1.8.0_144]
	at sun.reflect.DelegatingConstructorAccessorImpl.newInstance(DelegatingConstructorAccessorImpl.java:45) ~[?:1.8.0_144]
	at java.lang.reflect.Constructor.newInstance(Constructor.java:423) ~[?:1.8.0_144]
	at java.lang.Class.newInstance(Class.java:442) ~[?:1.8.0_144]
	at org.bukkit.plugin.java.PluginClassLoader.<init>(PluginClassLoader.java:76) ~[Spigot.jar:git-Spigot-5695bca-53fccdf]
	at org.bukkit.plugin.java.JavaPluginLoader.loadPlugin(JavaPluginLoader.java:129) ~[Spigot.jar:git-Spigot-5695bca-53fccdf]
	... 6 more
Caused by: java.lang.ClassNotFoundException: org.redisson.Redisson
	at java.net.URLClassLoader.findClass(URLClassLoader.java:381) ~[?:1.8.0_144]
	at org.bukkit.plugin.java.PluginClassLoader.findClass(PluginClassLoader.java:101) ~[Spigot.jar:git-Spigot-5695bca-53fccdf]
	at org.bukkit.plugin.java.PluginClassLoader.findClass(PluginClassLoader.java:86) ~[Spigot.jar:git-Spigot-5695bca-53fccdf]
	at java.lang.ClassLoader.loadClass(ClassLoader.java:424) ~[?:1.8.0_144]
	at java.lang.ClassLoader.loadClass(ClassLoader.java:357) ~[?:1.8.0_144]
	at net.argus.games.Main.<init>(Main.java:14) ~[?:?]
	at sun.reflect.NativeConstructorAccessorImpl.newInstance0(Native Method) ~[?:1.8.0_144]
	at sun.reflect.NativeConstructorAccessorImpl.newInstance(NativeConstructorAccessorImpl.java:62) ~[?:1.8.0_144]
	at sun.reflect.DelegatingConstructorAccessorImpl.newInstance(DelegatingConstructorAccessorImpl.java:45) ~[?:1.8.0_144]
	at java.lang.reflect.Constructor.newInstance(Constructor.java:423) ~[?:1.8.0_144]
	at java.lang.Class.newInstance(Class.java:442) ~[?:1.8.0_144]
	at org.bukkit.plugin.java.PluginClassLoader.<init>(PluginClassLoader.java:76) ~[Spigot.jar:git-Spigot-5695bca-53fccdf]
	at org.bukkit.plugin.java.JavaPluginLoader.loadPlugin(JavaPluginLoader.java:129) ~[Spigot.jar:git-Spigot-5695bca-53fccdf]
	... 6 more
[19:58:58] [Server thread/WARN]: **** SERVER IS RUNNING IN OFFLINE/INSECURE MODE!
[19:58:58] [Server thread/WARN]: The server will make no attempt to authenticate usernames. Beware.
[19:58:58] [Server thread/WARN]: While this makes the game possible to play without internet access, it also opens up the ability for hackers to connect with any username they choose.
[19:58:58] [Server thread/WARN]: To change this, set "online-mode" to "true" in the server.properties file.
[19:58:58] [Server thread/INFO]: **** Beginning UUID conversion, this may take A LONG time ****
[19:58:58] [Server thread/INFO]: Preparing level "world"
[19:58:59] [Server thread/INFO]: Preparing start region for level 0 (Seed: -2048358471742304052)
[19:59:00] [Server thread/INFO]: Preparing start region for level 1 (Seed: -2428624485121517051)
[19:59:00] [Server thread/INFO]: Preparing start region for level 2 (Seed: -2428624485121517051)
[19:59:01] [Server thread/INFO]: Server permissions file permissions.yml is empty, ignoring it
[19:59:01] [Server thread/INFO]: Done (2.111s)! For help, type "help" or "?"
