[15:52:41] [Server thread/INFO]: Starting minecraft server version 1.12.1
[15:52:41] [Server thread/INFO]: Loading properties
[15:52:41] [Server thread/INFO]: Default game type: SURVIVAL
[15:52:41] [Server thread/INFO]: This server is running CraftBukkit version git-Spigot-5340a52-27b8bf9 (MC: 1.12.1) (Implementing API version 1.12.1-R0.1-SNAPSHOT)
[15:52:41] [Server thread/INFO]: Debug logging is disabled
[15:52:41] [Server thread/INFO]: Server Ping Player Sample Count: 12
[15:52:41] [Server thread/INFO]: Using 4 threads for Netty based IO
[15:52:42] [Server thread/INFO]: Generating keypair
[15:52:42] [Server thread/INFO]: Starting Minecraft server on *:25565
[15:52:42] [Server thread/INFO]: Using default channel type
[15:52:42] [Server thread/INFO]: Set PluginClassLoader as parallel capable
[15:52:42] [Server thread/INFO]: [FastAsyncWorldEdit] Loading FastAsyncWorldEdit v17.04.11-39f848c-637-12.3.2
[15:52:42] [Server thread/INFO]: [Open] Loading Open v0.1
[15:52:42] [Server thread/INFO]: [WorldEdit] Loading WorldEdit v6.1.7-SNAPSHOT;3677-000c238
[15:52:42] [Server thread/INFO]: [FastAsyncWorldEdit] Enabling FastAsyncWorldEdit v17.04.11-39f848c-637-12.3.2
[15:52:42] [Server thread/INFO]: Vault is used for persistent `/wea` toggles.
[15:52:43] [Server thread/INFO]: ====== USE PAPER ======
[15:52:43] [Server thread/INFO]: DOWNLOAD: https://ci.destroystokyo.com/job/PaperSpigot/
[15:52:43] [Server thread/INFO]: GUIDE: https://www.spigotmc.org/threads/21726/
[15:52:43] [Server thread/INFO]:  - This is only a recommendation
[15:52:43] [Server thread/INFO]: ==============================
[15:52:43] [Server thread/WARN]: **** SERVER IS RUNNING IN OFFLINE/INSECURE MODE!
[15:52:43] [Server thread/WARN]: The server will make no attempt to authenticate usernames. Beware.
[15:52:43] [Server thread/WARN]: While this makes the game possible to play without internet access, it also opens up the ability for hackers to connect with any username they choose.
[15:52:43] [Server thread/WARN]: To change this, set "online-mode" to "true" in the server.properties file.
[15:52:43] [Server thread/INFO]: **** Beginning UUID conversion, this may take A LONG time ****
[15:52:43] [Server thread/INFO]: Preparing level "world"
[15:52:43] [Server thread/INFO]: Preparing start region for level 0 (Seed: -2780883585342380306)
[15:52:44] [Server thread/INFO]: Preparing start region for level 1 (Seed: -2428624485121517051)
[15:52:44] [Server thread/INFO]: Preparing start region for level 2 (Seed: -2428624485121517051)
[15:52:45] [Server thread/INFO]: [Open] Enabling Open v0.1
[15:52:45] [Server thread/ERROR]: Error occurred while enabling Open v0.1 (Is it up to date?)
java.lang.NoClassDefFoundError: com/google/inject/Module
	at net.open.hub.Main.onEnable(Main.java:15) ~[?:?]
	at org.bukkit.plugin.java.JavaPlugin.setEnabled(JavaPlugin.java:264) ~[Spigot.jar:git-Spigot-5340a52-27b8bf9]
	at org.bukkit.plugin.java.JavaPluginLoader.enablePlugin(JavaPluginLoader.java:337) [Spigot.jar:git-Spigot-5340a52-27b8bf9]
	at org.bukkit.plugin.SimplePluginManager.enablePlugin(SimplePluginManager.java:402) [Spigot.jar:git-Spigot-5340a52-27b8bf9]
	at org.bukkit.craftbukkit.v1_12_R1.CraftServer.enablePlugin(CraftServer.java:380) [Spigot.jar:git-Spigot-5340a52-27b8bf9]
	at org.bukkit.craftbukkit.v1_12_R1.CraftServer.enablePlugins(CraftServer.java:329) [Spigot.jar:git-Spigot-5340a52-27b8bf9]
	at net.minecraft.server.v1_12_R1.MinecraftServer.t(MinecraftServer.java:422) [Spigot.jar:git-Spigot-5340a52-27b8bf9]
	at net.minecraft.server.v1_12_R1.MinecraftServer.l(MinecraftServer.java:383) [Spigot.jar:git-Spigot-5340a52-27b8bf9]
	at net.minecraft.server.v1_12_R1.MinecraftServer.a(MinecraftServer.java:338) [Spigot.jar:git-Spigot-5340a52-27b8bf9]
	at net.minecraft.server.v1_12_R1.DedicatedServer.init(DedicatedServer.java:272) [Spigot.jar:git-Spigot-5340a52-27b8bf9]
	at net.minecraft.server.v1_12_R1.MinecraftServer.run(MinecraftServer.java:545) [Spigot.jar:git-Spigot-5340a52-27b8bf9]
	at java.lang.Thread.run(Thread.java:745) [?:1.8.0_91]
Caused by: java.lang.ClassNotFoundException: com.google.inject.Module
	at java.net.URLClassLoader.findClass(URLClassLoader.java:381) ~[?:1.8.0_91]
	at org.bukkit.plugin.java.PluginClassLoader.findClass(PluginClassLoader.java:101) ~[Spigot.jar:git-Spigot-5340a52-27b8bf9]
	at org.bukkit.plugin.java.PluginClassLoader.findClass(PluginClassLoader.java:86) ~[Spigot.jar:git-Spigot-5340a52-27b8bf9]
	at java.lang.ClassLoader.loadClass(ClassLoader.java:424) ~[?:1.8.0_91]
	at java.lang.ClassLoader.loadClass(ClassLoader.java:357) ~[?:1.8.0_91]
	... 12 more
[15:52:45] [Server thread/INFO]: [WorldEdit] Enabling WorldEdit v6.1.7-SNAPSHOT;3677-000c238
[15:52:45] [Server thread/INFO]: WEPIF: Using the Bukkit Permissions API.
[15:52:45] [Server thread/WARN]: [WorldEdit] 
**********************************************
** This WorldEdit version does not fully support your version of Bukkit.
**
** When working with blocks or undoing, chests will be empty, signs
** will be blank, and so on. There will be no support for entity
** and biome-related functions.
**
** Please see http://wiki.sk89q.com/wiki/WorldEdit/Bukkit_adapters
**********************************************

[15:52:45] [Server thread/INFO]: Server permissions file permissions.yml is empty, ignoring it
[15:52:45] [Server thread/INFO]: Done (2.225s)! For help, type "help" or "?"
