[19:02:03] [Server thread/INFO]: Starting minecraft server version 1.12.2
[19:02:03] [Server thread/INFO]: Loading properties
[19:02:03] [Server thread/INFO]: Default game type: SURVIVAL
[19:02:03] [Server thread/INFO]: This server is running CraftBukkit version git-Spigot-5695bca-53fccdf (MC: 1.12.2) (Implementing API version 1.12.2-R0.1-SNAPSHOT)
[19:02:03] [Server thread/INFO]: Debug logging is disabled
[19:02:03] [Server thread/INFO]: Server Ping Player Sample Count: 12
[19:02:03] [Server thread/INFO]: Using 4 threads for Netty based IO
[19:02:03] [Server thread/INFO]: Generating keypair
[19:02:03] [Server thread/INFO]: Starting Minecraft server on *:25565
[19:02:03] [Server thread/INFO]: Using default channel type
[19:02:04] [Server thread/INFO]: Set PluginClassLoader as parallel capable
[19:02:04] [Server thread/WARN]: SLF4J: Failed to load class "org.slf4j.impl.StaticLoggerBinder".
[19:02:04] [Server thread/WARN]: SLF4J: Defaulting to no-operation (NOP) logger implementation
[19:02:04] [Server thread/WARN]: SLF4J: See http://www.slf4j.org/codes.html#StaticLoggerBinder for further details.
[19:02:04] [Server thread/INFO]: [Argus] Loading Argus v0.1
[19:02:04] [Server thread/INFO]: **** Beginning UUID conversion, this may take A LONG time ****
[19:02:04] [Server thread/INFO]: Preparing level "world"
[19:02:05] [Server thread/INFO]: Preparing start region for level 0 (Seed: -2048358471742304052)
[19:02:05] [Server thread/INFO]: Preparing start region for level 1 (Seed: -2428624485121517051)
[19:02:06] [Server thread/INFO]: Preparing start region for level 2 (Seed: -2428624485121517051)
[19:02:06] [Server thread/INFO]: [Argus] Enabling Argus v0.1
[19:02:06] [Server thread/INFO]: Server has been enabled.
[19:02:06] [Server thread/INFO]: PacketComponent has been enabled.
[19:02:06] [Server thread/INFO]: EventComponent has been enabled.
[19:02:06] [Server thread/INFO]: EventComponent has been enabled.
[19:02:06] [Server thread/INFO]: Server permissions file permissions.yml is empty, ignoring it
[19:02:06] [redisson-3-2/INFO]: HubArena has been enabled.
[19:02:06] [Server thread/INFO]: Done (1.942s)! For help, type "help" or "?"
[19:02:06] [redisson-3-2/INFO]: EventComponent has been enabled.
[19:02:06] [redisson-3-2/INFO]: EventComponent has been enabled.
[19:02:06] [redisson-3-2/INFO]: EventComponent has been enabled.
[19:02:06] [redisson-3-2/INFO]: CommandComponent has been enabled.
[19:02:06] [redisson-3-2/INFO]: ClientComponent has been enabled.
[19:02:06] [redisson-3-2/INFO]: EventComponent has been enabled.
[19:02:11] [User Authenticator #1/INFO]: UUID of player FaultyRam is a91d2290-d558-47ef-9e16-57796e075153
[19:02:12] [Server thread/INFO]: Adding FaultyRam to clients.
[19:02:12] [Server thread/INFO]: Added FaultyRam to clients. client[uuid=a91d2290-d558-47ef-9e16-57796e075153, name=FaultyRam, rank=DEV]
[19:02:12] [Server thread/INFO]: FaultyRam[/127.0.0.1:55348] logged in with entity id 34 at ([world]-9.5, 192.0, -3.5)
[19:02:19] [Server thread/INFO]: FaultyRam issued server command: /gamemode c
[19:02:21] [Server thread/INFO]: FaultyRam issued server command: /gamemode 1
[19:02:22] [Server thread/INFO]: FaultyRam issued server command: /gamemode1
[19:02:27] [Server thread/INFO]: Opped FaultyRam
[19:02:32] [Server thread/INFO]: FaultyRam issued server command: /gamemode 1
[19:02:32] [Server thread/INFO]: [FaultyRam: Set own game mode to Creative Mode]
[19:02:54] [Server thread/INFO]: De-opped FaultyRam
[19:03:16] [Server thread/INFO]: Opped FaultyRam
